<?xml version="1.0" encoding="UTF-8"?>
<testng-results ignored="0" total="2" passed="2" failed="0" skipped="0">
  <reporter-output>
  </reporter-output>
  <suite started-at="2021-11-17T17:42:15Z" name="Default suite" finished-at="2021-11-17T17:42:26Z" duration-ms="10762">
    <groups>
    </groups>
    <test started-at="2021-11-17T17:42:15Z" name="Default test" finished-at="2021-11-17T17:42:26Z" duration-ms="10762">
      <class name="RestAssured.Rest.Dynamicpayload">
        <test-method signature="addBook(java.lang.String, java.lang.String)[pri:0, instance:RestAssured.Rest.Dynamicpayload@7c51f34b]" started-at="2021-11-17T23:12:15Z" name="addBook" data-provider="booksdata" finished-at="2021-11-17T23:12:22Z" duration-ms="7412" status="PASS">
          <params>
            <param index="0">
              <value>
                <![CDATA[ax]]>
              </value>
            </param>
            <param index="1">
              <value>
                <![CDATA[52]]>
              </value>
            </param>
          </params>
          <reporter-output>
          </reporter-output>
        </test-method> <!-- addBook -->
        <test-method signature="addBook(java.lang.String, java.lang.String)[pri:0, instance:RestAssured.Rest.Dynamicpayload@7c51f34b]" started-at="2021-11-17T23:12:22Z" name="addBook" data-provider="booksdata" finished-at="2021-11-17T23:12:26Z" duration-ms="3280" status="PASS">
          <params>
            <param index="0">
              <value>
                <![CDATA[az]]>
              </value>
            </param>
            <param index="1">
              <value>
                <![CDATA[56]]>
              </value>
            </param>
          </params>
          <reporter-output>
          </reporter-output>
        </test-method> <!-- addBook -->
      </class> <!-- RestAssured.Rest.Dynamicpayload -->
    </test> <!-- Default test -->
  </suite> <!-- Default suite -->
</testng-results>
